[W socket.cpp:464] [c10d] The server socket cannot be initialized on [::]:29500 (errno: 97 - Address family not supported by protocol).
[W socket.cpp:697] [c10d] The client socket cannot be initialized to connect to [::ffff:127.0.0.1]:29500 (errno: 97 - Address family not supported by protocol).
[rank0] init_process_group (0.13s)
[rank0] graph list ready (0.00s)
[rank0] DataLoader ready (0.00s)
wandb: Currently logged in as: shokuno (shokuno-the-university-of-tokyo). Use `wandb login --relogin` to force relogin
wandb: WARNING Path runs/wandb/ wasn't writable, using system temp directory.
wandb: WARNING Path runs/wandb/ wasn't writable, using system temp directory
wandb: Tracking run with wandb version 0.17.9
wandb: Run data is saved locally in /tmp/wandb/run-20250608_174943-8suuaty7
wandb: Run `wandb offline` to turn off syncing.
wandb: Syncing run grid-ddp
wandb: ⭐️ View project at https://wandb.ai/shokuno-the-university-of-tokyo/graphvae
wandb: 🚀 View run at https://wandb.ai/shokuno-the-university-of-tokyo/graphvae/runs/8suuaty7

[rank0] === Epoch 1/5 ===
[rank0]   first batch fetched (0.01s)
[rank0]   forward  0.99s
[rank0]   backward 0.33s
[rank0]   forward  0.02s
[rank0]   backward 0.00s
[rank0]   forward  0.01s
[rank0]   backward 0.00s
[rank0]   forward  0.01s
[rank0]   backward 0.00s
[rank0] epoch 1 done  avg_loss=329891437534299573102575616.0000

[rank0] === Epoch 2/5 ===
[rank0]   first batch fetched (0.00s)
[rank0]   forward  0.01s
[rank0]   backward 0.00s
[rank0]   forward  0.01s
[rank0]   backward 0.00s
[rank0]   forward  0.01s
[rank0]   backward 0.00s
[rank0]   forward  0.01s
[rank0]   backward 0.00s
[rank0] epoch 2 done  avg_loss=538200265372605719271964672.0000

[rank0] === Epoch 3/5 ===
[rank0]   first batch fetched (0.00s)
[rank0]   forward  0.01s
[rank0]   backward 0.00s
[rank0]   forward  0.01s
[rank0]   backward 0.00s
[rank0]   forward  0.01s
[rank0]   backward 0.00s
[rank0]   forward  0.01s
[rank0]   backward 0.00s
[rank0] epoch 3 done  avg_loss=766014857183217784597774336.0000

[rank0] === Epoch 4/5 ===
[rank0]   first batch fetched (0.00s)
[rank0]   forward  0.01s
[rank0]   backward 0.00s
[rank0]   forward  0.01s
[rank0]   backward 0.00s
[rank0]   forward  0.01s
[rank0]   backward 0.00s
[rank0]   forward  0.01s
[rank0]   backward 0.00s
[rank0] epoch 4 done  avg_loss=791496571912892540707143680.0000

[rank0] === Epoch 5/5 ===
[rank0]   first batch fetched (0.00s)
[rank0]   forward  0.01s
[rank0]   backward 0.00s
[rank0]   forward  0.01s
[rank0]   backward 0.00s
[rank0]   forward  0.01s
[rank0]   backward 0.00s
[rank0]   forward  0.01s
[rank0]   backward 0.00s
[rank0] epoch 5 done  avg_loss=679442446070107171954098176.0000
✔ saved runs/graphvae_ddp.pt
wandb: - 0.009 MB of 0.020 MB uploadedwandb: \ 0.009 MB of 0.020 MB uploadedwandb: | 0.020 MB of 0.020 MB uploadedwandb:                                                                                
wandb: 
wandb: Run history:
wandb: epoch ▁▃▅▆█
wandb:  loss ▁▄██▆
wandb: 
wandb: Run summary:
wandb: epoch 4
wandb:  loss 6.794424460701072e+26
wandb: 
wandb: 🚀 View run grid-ddp at: https://wandb.ai/shokuno-the-university-of-tokyo/graphvae/runs/8suuaty7
wandb: ⭐️ View project at: https://wandb.ai/shokuno-the-university-of-tokyo/graphvae
wandb: Synced 6 W&B file(s), 0 media file(s), 0 artifact file(s) and 0 other file(s)
wandb: Find logs at: runs/wandb/run-20250608_174943-8suuaty7/logs
wandb: WARNING wandb version 0.20.1 is available!  To upgrade, please run:
wandb: WARNING  $ pip install wandb --upgrade
wandb: WARNING The new W&B backend becomes opt-out in version 0.18.0; try it out with `wandb.require("core")`! See https://wandb.me/wandb-core for more information.
