[W socket.cpp:464] [c10d] The server socket cannot be initialized on [::]:29500 (errno: 97 - Address family not supported by protocol).
[W socket.cpp:697] [c10d] The client socket cannot be initialized to connect to [::ffff:127.0.0.1]:29500 (errno: 97 - Address family not supported by protocol).
[rank0] init_process_group (0.12s)
[rank0] graph list ready (0.00s)
[rank0] DataLoader ready (0.00s)
wandb: Currently logged in as: shokuno (shokuno-the-university-of-tokyo). Use `wandb login --relogin` to force relogin
wandb: WARNING Path runs/wandb/ wasn't writable, using system temp directory.
wandb: WARNING Path runs/wandb/ wasn't writable, using system temp directory
wandb: Tracking run with wandb version 0.17.9
wandb: Run data is saved locally in /tmp/wandb/run-20250608_175315-wzewnp13
wandb: Run `wandb offline` to turn off syncing.
wandb: Syncing run grid-ddp
wandb: ⭐️ View project at https://wandb.ai/shokuno-the-university-of-tokyo/graphvae
wandb: 🚀 View run at https://wandb.ai/shokuno-the-university-of-tokyo/graphvae/runs/wzewnp13

[rank0] === Epoch 1/50 ===
[rank0]   first batch fetched (0.01s)
[rank0]   forward  1.04s
[rank0]   backward 0.33s
[rank0]   forward  0.01s
[rank0]   backward 0.00s
[rank0]   forward  0.01s
[rank0]   backward 0.00s
[rank0]   forward  0.01s
[rank0]   backward 0.00s
[rank0] epoch 1 done  avg_loss=333345080725760654142603264.0000

[rank0] === Epoch 2/50 ===
[rank0]   first batch fetched (0.00s)
[rank0]   forward  0.01s
[rank0]   backward 0.00s
[rank0]   forward  0.01s
[rank0]   backward 0.00s
[rank0]   forward  0.01s
[rank0]   backward 0.00s
[rank0]   forward  0.01s
[rank0]   backward 0.00s
[rank0] epoch 2 done  avg_loss=567558204316307761779441664.0000

[rank0] === Epoch 3/50 ===
[rank0]   first batch fetched (0.00s)
[rank0]   forward  0.01s
[rank0]   backward 0.00s
[rank0]   forward  0.01s
[rank0]   backward 0.00s
[rank0]   forward  0.01s
[rank0]   backward 0.00s
[rank0]   forward  0.01s
[rank0]   backward 0.00s
[rank0] epoch 3 done  avg_loss=945687067011749292946751488.0000

[rank0] === Epoch 4/50 ===
[rank0]   first batch fetched (0.00s)
[rank0]   forward  0.01s
[rank0]   backward 0.00s
[rank0]   forward  0.01s
[rank0]   backward 0.00s
[rank0]   forward  0.01s
[rank0]   backward 0.00s
[rank0]   forward  0.01s
[rank0]   backward 0.00s
[rank0] epoch 4 done  avg_loss=1161312681237685282151596032.0000

[rank0] === Epoch 5/50 ===
[rank0]   first batch fetched (0.00s)
[rank0]   forward  0.01s
[rank0]   backward 0.00s
[rank0]   forward  0.01s
[rank0]   backward 0.00s
[rank0]   forward  0.01s
[rank0]   backward 0.00s
[rank0]   forward  0.01s
[rank0]   backward 0.00s
[rank0] epoch 5 done  avg_loss=1494266503082555040413515776.0000

[rank0] === Epoch 6/50 ===
[rank0]   first batch fetched (0.00s)
[rank0]   forward  0.01s
[rank0]   backward 0.00s
[rank0]   forward  0.01s
[rank0]   backward 0.00s
[rank0]   forward  0.01s
[rank0]   backward 0.00s
[rank0]   forward  0.01s
[rank0]   backward 0.00s
[rank0] epoch 6 done  avg_loss=1616266266372386388132757504.0000

[rank0] === Epoch 7/50 ===
[rank0]   first batch fetched (0.00s)
[rank0]   forward  0.01s
[rank0]   backward 0.00s
[rank0]   forward  0.01s
[rank0]   backward 0.00s
[rank0]   forward  0.01s
[rank0]   backward 0.00s
[rank0]   forward  0.01s
[rank0]   backward 0.00s
[rank0] epoch 7 done  avg_loss=1523472491480423250589122560.0000

[rank0] === Epoch 8/50 ===
[rank0]   first batch fetched (0.00s)
[rank0]   forward  0.01s
[rank0]   backward 0.00s
[rank0]   forward  0.01s
[rank0]   backward 0.00s
[rank0]   forward  0.01s
[rank0]   backward 0.00s
[rank0]   forward  0.01s
[rank0]   backward 0.00s
[rank0] epoch 8 done  avg_loss=1487415626716752262413156352.0000

[rank0] === Epoch 9/50 ===
[rank0]   first batch fetched (0.00s)
[rank0]   forward  0.01s
[rank0]   backward 0.00s
[rank0]   forward  0.01s
[rank0]   backward 0.00s
[rank0]   forward  0.01s
[rank0]   backward 0.00s
[rank0]   forward  0.01s
[rank0]   backward 0.00s
[rank0] epoch 9 done  avg_loss=1407764400091764682901159936.0000

[rank0] === Epoch 10/50 ===
[rank0]   first batch fetched (0.00s)
[rank0]   forward  0.01s
[rank0]   backward 0.00s
[rank0]   forward  0.01s
[rank0]   backward 0.00s
[rank0]   forward  0.01s
[rank0]   backward 0.00s
[rank0]   forward  0.01s
[rank0]   backward 0.00s
[rank0] epoch 10 done  avg_loss=1243309579066892131204333568.0000

[rank0] === Epoch 11/50 ===
[rank0]   first batch fetched (0.00s)
[rank0]   forward  0.01s
[rank0]   backward 0.00s
[rank0]   forward  0.01s
[rank0]   backward 0.00s
[rank0]   forward  0.01s
[rank0]   backward 0.00s
[rank0]   forward  0.01s
[rank0]   backward 0.00s
[rank0] epoch 11 done  avg_loss=1134530326751071663124643840.0000

[rank0] === Epoch 12/50 ===
[rank0]   first batch fetched (0.00s)
[rank0]   forward  0.01s
[rank0]   backward 0.00s
[rank0]   forward  0.01s
[rank0]   backward 0.00s
[rank0]   forward  0.01s
[rank0]   backward 0.00s
[rank0]   forward  0.01s
[rank0]   backward 0.00s
[rank0] epoch 12 done  avg_loss=1017054948215900612501438464.0000

[rank0] === Epoch 13/50 ===
[rank0]   first batch fetched (0.00s)
[rank0]   forward  0.01s
[rank0]   backward 0.00s
[rank0]   forward  0.01s
[rank0]   backward 0.00s
[rank0]   forward  0.01s
[rank0]   backward 0.00s
[rank0]   forward  0.01s
[rank0]   backward 0.00s
[rank0] epoch 13 done  avg_loss=996067111993998689917992960.0000

[rank0] === Epoch 14/50 ===
[rank0]   first batch fetched (0.00s)
[rank0]   forward  0.01s
[rank0]   backward 0.00s
[rank0]   forward  0.01s
[rank0]   backward 0.00s
[rank0]   forward  0.01s
[rank0]   backward 0.00s
[rank0]   forward  0.01s
[rank0]   backward 0.00s
[rank0] epoch 14 done  avg_loss=832870526141765945063899136.0000

[rank0] === Epoch 15/50 ===
[rank0]   first batch fetched (0.00s)
[rank0]   forward  0.01s
[rank0]   backward 0.00s
[rank0]   forward  0.01s
[rank0]   backward 0.00s
[rank0]   forward  0.01s
[rank0]   backward 0.00s
[rank0]   forward  0.01s
[rank0]   backward 0.00s
[rank0] epoch 15 done  avg_loss=807438357791162757843779584.0000

[rank0] === Epoch 16/50 ===
[rank0]   first batch fetched (0.00s)
[rank0]   forward  0.01s
[rank0]   backward 0.00s
[rank0]   forward  0.01s
[rank0]   backward 0.00s
[rank0]   forward  0.01s
[rank0]   backward 0.00s
[rank0]   forward  0.01s
[rank0]   backward 0.00s
[rank0] epoch 16 done  avg_loss=716935764412499147605671936.0000

[rank0] === Epoch 17/50 ===
[rank0]   first batch fetched (0.00s)
[rank0]   forward  0.01s
[rank0]   backward 0.00s
[rank0]   forward  0.01s
[rank0]   backward 0.00s
[rank0]   forward  0.01s
[rank0]   backward 0.00s
[rank0]   forward  0.01s
[rank0]   backward 0.00s
[rank0] epoch 17 done  avg_loss=699687862678880515224764416.0000

[rank0] === Epoch 18/50 ===
[rank0]   first batch fetched (0.00s)
[rank0]   forward  0.01s
[rank0]   backward 0.00s
[rank0]   forward  0.01s
[rank0]   backward 0.00s
[rank0]   forward  0.01s
[rank0]   backward 0.00s
[rank0]   forward  0.01s
[rank0]   backward 0.00s
[rank0] epoch 18 done  avg_loss=666114947317869472139706368.0000

[rank0] === Epoch 19/50 ===
[rank0]   first batch fetched (0.00s)
[rank0]   forward  0.01s
[rank0]   backward 0.00s
[rank0]   forward  0.01s
[rank0]   backward 0.00s
[rank0]   forward  0.01s
[rank0]   backward 0.00s
[rank0]   forward  0.01s
[rank0]   backward 0.00s
[rank0] epoch 19 done  avg_loss=562269087373251056536387584.0000

[rank0] === Epoch 20/50 ===
[rank0]   first batch fetched (0.00s)
[rank0]   forward  0.01s
[rank0]   backward 0.00s
[rank0]   forward  0.01s
[rank0]   backward 0.00s
[rank0]   forward  0.01s
[rank0]   backward 0.00s
[rank0]   forward  0.01s
[rank0]   backward 0.00s
[rank0] epoch 20 done  avg_loss=518209890055169428424753152.0000

[rank0] === Epoch 21/50 ===
[rank0]   first batch fetched (0.00s)
[rank0]   forward  0.01s
[rank0]   backward 0.00s
[rank0]   forward  0.01s
[rank0]   backward 0.00s
[rank0]   forward  0.01s
[rank0]   backward 0.00s
[rank0]   forward  0.01s
[rank0]   backward 0.00s
[rank0] epoch 21 done  avg_loss=494441556110380690699190272.0000

[rank0] === Epoch 22/50 ===
[rank0]   first batch fetched (0.00s)
[rank0]   forward  0.01s
[rank0]   backward 0.00s
[rank0]   forward  0.01s
[rank0]   backward 0.00s
[rank0]   forward  0.01s
[rank0]   backward 0.00s
[rank0]   forward  0.01s
[rank0]   backward 0.00s
[rank0] epoch 22 done  avg_loss=400642600834055899027865600.0000

[rank0] === Epoch 23/50 ===
[rank0]   first batch fetched (0.00s)
[rank0]   forward  0.01s
[rank0]   backward 0.00s
[rank0]   forward  0.01s
[rank0]   backward 0.00s
[rank0]   forward  0.01s
[rank0]   backward 0.00s
[rank0]   forward  0.01s
[rank0]   backward 0.00s
[rank0] epoch 23 done  avg_loss=344901680710866782360961024.0000

[rank0] === Epoch 24/50 ===
[rank0]   first batch fetched (0.00s)
[rank0]   forward  0.01s
[rank0]   backward 0.00s
[rank0]   forward  0.01s
[rank0]   backward 0.00s
[rank0]   forward  0.01s
[rank0]   backward 0.00s
[rank0]   forward  0.01s
[rank0]   backward 0.00s
[rank0] epoch 24 done  avg_loss=331096691768026603875991552.0000

[rank0] === Epoch 25/50 ===
[rank0]   first batch fetched (0.00s)
[rank0]   forward  0.01s
[rank0]   backward 0.00s
[rank0]   forward  0.01s
[rank0]   backward 0.00s
[rank0]   forward  0.01s
[rank0]   backward 0.00s
[rank0]   forward  0.01s
[rank0]   backward 0.00s
[rank0] epoch 25 done  avg_loss=263633125052455377854005248.0000

[rank0] === Epoch 26/50 ===
[rank0]   first batch fetched (0.00s)
[rank0]   forward  0.01s
[rank0]   backward 0.00s
[rank0]   forward  0.01s
[rank0]   backward 0.00s
[rank0]   forward  0.01s
[rank0]   backward 0.00s
[rank0]   forward  0.01s
[rank0]   backward 0.00s
[rank0] epoch 26 done  avg_loss=211942899296984439833231360.0000

[rank0] === Epoch 27/50 ===
[rank0]   first batch fetched (0.00s)
[rank0]   forward  0.01s
[rank0]   backward 0.00s
[rank0]   forward  0.01s
[rank0]   backward 0.00s
[rank0]   forward  0.01s
[rank0]   backward 0.00s
[rank0]   forward  0.01s
[rank0]   backward 0.00s
[rank0] epoch 27 done  avg_loss=163210178708268382930599936.0000

[rank0] === Epoch 28/50 ===
[rank0]   first batch fetched (0.00s)
[rank0]   forward  0.01s
[rank0]   backward 0.00s
[rank0]   forward  0.01s
[rank0]   backward 0.00s
[rank0]   forward  0.01s
[rank0]   backward 0.00s
[rank0]   forward  0.01s
[rank0]   backward 0.00s
[rank0] epoch 28 done  avg_loss=128638029549581217946402816.0000

[rank0] === Epoch 29/50 ===
[rank0]   first batch fetched (0.00s)
[rank0]   forward  0.01s
[rank0]   backward 0.00s
[rank0]   forward  0.01s
[rank0]   backward 0.00s
[rank0]   forward  0.01s
[rank0]   backward 0.00s
[rank0]   forward  0.01s
[rank0]   backward 0.00s
[rank0] epoch 29 done  avg_loss=86112176543672454141181952.0000

[rank0] === Epoch 30/50 ===
[rank0]   first batch fetched (0.00s)
[rank0]   forward  0.01s
[rank0]   backward 0.00s
[rank0]   forward  0.01s
[rank0]   backward 0.00s
[rank0]   forward  0.01s
[rank0]   backward 0.00s
[rank0]   forward  0.01s
[rank0]   backward 0.00s
[rank0] epoch 30 done  avg_loss=50753516633423517681975296.0000

[rank0] === Epoch 31/50 ===
[rank0]   first batch fetched (0.00s)
[rank0]   forward  0.01s
[rank0]   backward 0.00s
[rank0]   forward  0.01s
[rank0]   backward 0.00s
[rank0]   forward  0.01s
[rank0]   backward 0.00s
[rank0]   forward  0.01s
[rank0]   backward 0.00s
[rank0] epoch 31 done  avg_loss=21965843485495859200655360.0000

[rank0] === Epoch 32/50 ===
[rank0]   first batch fetched (0.00s)
[rank0]   forward  0.01s
[rank0]   backward 0.00s
[rank0]   forward  0.01s
[rank0]   backward 0.00s
[rank0]   forward  0.01s
[rank0]   backward 0.00s
[rank0]   forward  0.01s
[rank0]   backward 0.00s
[rank0] epoch 32 done  avg_loss=13959122092210491458846720.0000

[rank0] === Epoch 33/50 ===
[rank0]   first batch fetched (0.00s)
[rank0]   forward  0.01s
[rank0]   backward 0.00s
[rank0]   forward  0.01s
[rank0]   backward 0.00s
[rank0]   forward  0.01s
[rank0]   backward 0.00s
[rank0]   forward  0.01s
[rank0]   backward 0.00s
[rank0] epoch 33 done  avg_loss=15855230614260109405061120.0000

[rank0] === Epoch 34/50 ===
[rank0]   first batch fetched (0.00s)
[rank0]   forward  0.01s
[rank0]   backward 0.00s
[rank0]   forward  0.01s
[rank0]   backward 0.00s
[rank0]   forward  0.01s
[rank0]   backward 0.00s
[rank0]   forward  0.01s
[rank0]   backward 0.00s
[rank0] epoch 34 done  avg_loss=23831881360642106625884160.0000

[rank0] === Epoch 35/50 ===
[rank0]   first batch fetched (0.00s)
[rank0]   forward  0.01s
[rank0]   backward 0.00s
[rank0]   forward  0.01s
[rank0]   backward 0.00s
[rank0]   forward  0.01s
[rank0]   backward 0.00s
[rank0]   forward  0.01s
[rank0]   backward 0.00s
[rank0] epoch 35 done  avg_loss=23216747114623508468989952.0000

[rank0] === Epoch 36/50 ===
[rank0]   first batch fetched (0.00s)
[rank0]   forward  0.01s
[rank0]   backward 0.00s
[rank0]   forward  0.01s
[rank0]   backward 0.00s
[rank0]   forward  0.01s
[rank0]   backward 0.00s
[rank0]   forward  0.01s
[rank0]   backward 0.00s
[rank0] epoch 36 done  avg_loss=26709681318129343431442432.0000

[rank0] === Epoch 37/50 ===
[rank0]   first batch fetched (0.00s)
[rank0]   forward  0.01s
[rank0]   backward 0.00s
[rank0]   forward  0.01s
[rank0]   backward 0.00s
[rank0]   forward  0.01s
[rank0]   backward 0.00s
[rank0]   forward  0.01s
[rank0]   backward 0.00s
[rank0] epoch 37 done  avg_loss=28824019347047000020353024.0000

[rank0] === Epoch 38/50 ===
[rank0]   first batch fetched (0.00s)
[rank0]   forward  0.01s
[rank0]   backward 0.00s
[rank0]   forward  0.01s
[rank0]   backward 0.00s
[rank0]   forward  0.01s
[rank0]   backward 0.00s
[rank0]   forward  0.01s
[rank0]   backward 0.00s
[rank0] epoch 38 done  avg_loss=29054784069345679394209792.0000

[rank0] === Epoch 39/50 ===
[rank0]   first batch fetched (0.00s)
[rank0]   forward  0.01s
[rank0]   backward 0.00s
[rank0]   forward  0.01s
[rank0]   backward 0.00s
[rank0]   forward  0.01s
[rank0]   backward 0.00s
[rank0]   forward  0.01s
[rank0]   backward 0.00s
[rank0] epoch 39 done  avg_loss=28759919157695932373401600.0000

[rank0] === Epoch 40/50 ===
[rank0]   first batch fetched (0.00s)
[rank0]   forward  0.01s
[rank0]   backward 0.00s
[rank0]   forward  0.01s
[rank0]   backward 0.00s
[rank0]   forward  0.01s
[rank0]   backward 0.00s
[rank0]   forward  0.01s
[rank0]   backward 0.00s
[rank0] epoch 40 done  avg_loss=27893376257907875198795776.0000

[rank0] === Epoch 41/50 ===
[rank0]   first batch fetched (0.00s)
[rank0]   forward  0.01s
[rank0]   backward 0.00s
[rank0]   forward  0.01s
[rank0]   backward 0.00s
[rank0]   forward  0.01s
[rank0]   backward 0.00s
[rank0]   forward  0.01s
[rank0]   backward 0.00s
[rank0] epoch 41 done  avg_loss=26349896766950537431089152.0000

[rank0] === Epoch 42/50 ===
[rank0]   first batch fetched (0.00s)
[rank0]   forward  0.01s
[rank0]   backward 0.00s
[rank0]   forward  0.01s
[rank0]   backward 0.00s
[rank0]   forward  0.01s
[rank0]   backward 0.00s
[rank0]   forward  0.01s
[rank0]   backward 0.00s
[rank0] epoch 42 done  avg_loss=24578327033600995653320704.0000

[rank0] === Epoch 43/50 ===
[rank0]   first batch fetched (0.00s)
[rank0]   forward  0.01s
[rank0]   backward 0.00s
[rank0]   forward  0.01s
[rank0]   backward 0.00s
[rank0]   forward  0.01s
[rank0]   backward 0.00s
[rank0]   forward  0.01s
[rank0]   backward 0.00s
[rank0] epoch 43 done  avg_loss=22727440167932676848746496.0000

[rank0] === Epoch 44/50 ===
[rank0]   first batch fetched (0.00s)
[rank0]   forward  0.01s
[rank0]   backward 0.00s
[rank0]   forward  0.01s
[rank0]   backward 0.00s
[rank0]   forward  0.01s
[rank0]   backward 0.00s
[rank0]   forward  0.01s
[rank0]   backward 0.00s
[rank0] epoch 44 done  avg_loss=20438641359253391569584128.0000

[rank0] === Epoch 45/50 ===
[rank0]   first batch fetched (0.00s)
[rank0]   forward  0.01s
[rank0]   backward 0.00s
[rank0]   forward  0.01s
[rank0]   backward 0.00s
[rank0]   forward  0.01s
[rank0]   backward 0.00s
[rank0]   forward  0.01s
[rank0]   backward 0.00s
[rank0] epoch 45 done  avg_loss=19117875701834735341797376.0000

[rank0] === Epoch 46/50 ===
[rank0]   first batch fetched (0.00s)
[rank0]   forward  0.01s
[rank0]   backward 0.00s
[rank0]   forward  0.01s
[rank0]   backward 0.00s
[rank0]   forward  0.01s
[rank0]   backward 0.00s
[rank0]   forward  0.01s
[rank0]   backward 0.00s
[rank0] epoch 46 done  avg_loss=17851931830472211334955008.0000

[rank0] === Epoch 47/50 ===
[rank0]   first batch fetched (0.00s)
[rank0]   forward  0.01s
[rank0]   backward 0.00s
[rank0]   forward  0.01s
[rank0]   backward 0.00s
[rank0]   forward  0.01s
[rank0]   backward 0.00s
[rank0]   forward  0.01s
[rank0]   backward 0.00s
[rank0] epoch 47 done  avg_loss=15142520224072558698299392.0000

[rank0] === Epoch 48/50 ===
[rank0]   first batch fetched (0.00s)
[rank0]   forward  0.01s
[rank0]   backward 0.00s
[rank0]   forward  0.01s
[rank0]   backward 0.00s
[rank0]   forward  0.01s
[rank0]   backward 0.00s
[rank0]   forward  0.01s
[rank0]   backward 0.00s
[rank0] epoch 48 done  avg_loss=14783933989885904185982976.0000

[rank0] === Epoch 49/50 ===
[rank0]   first batch fetched (0.00s)
[rank0]   forward  0.01s
[rank0]   backward 0.00s
[rank0]   forward  0.01s
[rank0]   backward 0.00s
[rank0]   forward  0.01s
[rank0]   backward 0.00s
[rank0]   forward  0.01s
[rank0]   backward 0.00s
[rank0] epoch 49 done  avg_loss=12789051937365423827189760.0000

[rank0] === Epoch 50/50 ===
[rank0]   first batch fetched (0.00s)
[rank0]   forward  0.01s
[rank0]   backward 0.00s
[rank0]   forward  0.01s
[rank0]   backward 0.00s
[rank0]   forward  0.01s
[rank0]   backward 0.00s
[rank0]   forward  0.01s
[rank0]   backward 0.00s
[rank0] epoch 50 done  avg_loss=11886927409384628061995008.0000
✔ saved runs/graphvae_ddp.pt
wandb: - 0.009 MB of 0.009 MB uploadedwandb: \ 0.009 MB of 0.009 MB uploadedwandb: | 0.034 MB of 0.034 MB uploadedwandb:                                                                                
wandb: 
wandb: Run history:
wandb: epoch ▁▁▁▁▂▂▂▂▂▃▃▃▃▃▃▄▄▄▄▄▅▅▅▅▅▅▆▆▆▆▆▆▇▇▇▇▇███
wandb:  loss ▂▃▅▆██▇▇▆▅▅▅▄▄▄▃▃▃▂▂▂▂▂▁▁▁▁▁▁▁▁▁▁▁▁▁▁▁▁▁
wandb: 
wandb: Run summary:
wandb: epoch 49
wandb:  loss 1.1886927409384628e+25
wandb: 
wandb: 🚀 View run grid-ddp at: https://wandb.ai/shokuno-the-university-of-tokyo/graphvae/runs/wzewnp13
wandb: ⭐️ View project at: https://wandb.ai/shokuno-the-university-of-tokyo/graphvae
wandb: Synced 6 W&B file(s), 0 media file(s), 0 artifact file(s) and 0 other file(s)
wandb: Find logs at: runs/wandb/run-20250608_175315-wzewnp13/logs
wandb: WARNING wandb version 0.20.1 is available!  To upgrade, please run:
wandb: WARNING  $ pip install wandb --upgrade
wandb: WARNING The new W&B backend becomes opt-out in version 0.18.0; try it out with `wandb.require("core")`! See https://wandb.me/wandb-core for more information.
