[W socket.cpp:464] [c10d] The server socket cannot be initialized on [::]:29500 (errno: 97 - Address family not supported by protocol).
[W socket.cpp:697] [c10d] The client socket cannot be initialized to connect to [::ffff:127.0.0.1]:29500 (errno: 97 - Address family not supported by protocol).
[rank0] init_process_group (0.11s)
Downloading https://www.chrsmrrs.com/graphkerneldatasets/ENZYMES.zip
Processing...
Done!
[rank0] graph list ready (4.39s)
[rank0] DataLoader ready (0.00s)
wandb: Currently logged in as: shokuno (shokuno-the-university-of-tokyo). Use `wandb login --relogin` to force relogin
wandb: WARNING Path runs/wandb/ wasn't writable, using system temp directory.
wandb: WARNING Path runs/wandb/ wasn't writable, using system temp directory
wandb: Tracking run with wandb version 0.17.9
wandb: Run data is saved locally in /tmp/wandb/run-20250608_220916-6e9qh913
wandb: Run `wandb offline` to turn off syncing.
wandb: Syncing run enzymes-ddp
wandb: ⭐️ View project at https://wandb.ai/shokuno-the-university-of-tokyo/graphvae
wandb: 🚀 View run at https://wandb.ai/shokuno-the-university-of-tokyo/graphvae/runs/6e9qh913

[rank0] === Epoch 1/200 ===
[rank0]   first batch fetched (0.15s)
[rank0]   forward  3.33s
[rank0]   backward 0.77s
[rank0]   forward  0.61s
[rank0]   backward 0.13s
[rank0]   forward  0.59s
[rank0]   backward 0.13s
[rank0]   forward  0.57s
[rank0]   backward 0.13s
[rank0]   forward  0.60s
[rank0]   backward 0.13s
[rank0]   forward  0.61s
[rank0]   backward 0.13s
[rank0]   forward  0.53s
[rank0]   backward 0.11s
[rank0] epoch 1 done  avg_loss=1.3303

[rank0] === Epoch 2/200 ===
[rank0]   first batch fetched (0.11s)
[rank0]   forward  0.59s
[rank0]   backward 0.13s
[rank0]   forward  0.60s
[rank0]   backward 0.13s
[rank0]   forward  0.61s
[rank0]   backward 0.13s
[rank0]   forward  0.60s
[rank0]   backward 0.13s
[rank0]   forward  0.60s
[rank0]   backward 0.13s
[rank0]   forward  0.58s
[rank0]   backward 0.13s
[rank0]   forward  0.50s
[rank0]   backward 0.11s
[rank0] epoch 2 done  avg_loss=1.3464

[rank0] === Epoch 3/200 ===
[rank0]   first batch fetched (0.11s)
[rank0]   forward  0.62s
[rank0]   backward 0.13s
[rank0]   forward  0.59s
[rank0]   backward 0.13s
[rank0]   forward  0.60s
[rank0]   backward 0.13s
[rank0]   forward  0.59s
[rank0]   backward 0.13s
[rank0]   forward  0.59s
[rank0]   backward 0.13s
[rank0]   forward  0.59s
[rank0]   backward 0.13s
[rank0]   forward  0.50s
[rank0]   backward 0.11s
[rank0] epoch 3 done  avg_loss=1.3451

[rank0] === Epoch 4/200 ===
[rank0]   first batch fetched (0.10s)
[rank0]   forward  0.57s
[rank0]   backward 0.13s
[rank0]   forward  0.59s
[rank0]   backward 0.13s
[rank0]   forward  0.58s
[rank0]   backward 0.13s
[rank0]   forward  0.58s
[rank0]   backward 0.13s
[rank0]   forward  0.60s
[rank0]   backward 0.13s
[rank0]   forward  0.60s
[rank0]   backward 0.13s
[rank0]   forward  0.49s
[rank0]   backward 0.11s
[rank0] epoch 4 done  avg_loss=1.3493

[rank0] === Epoch 5/200 ===
[rank0]   first batch fetched (0.10s)
[rank0]   forward  0.60s
[rank0]   backward 0.13s
[rank0]   forward  0.60s
[rank0]   backward 0.13s
[rank0]   forward  0.57s
[rank0]   backward 0.13s
[rank0]   forward  0.60s
[rank0]   backward 0.13s
[rank0]   forward  0.59s
[rank0]   backward 0.13s
[rank0]   forward  0.58s
[rank0]   backward 0.13s
[rank0]   forward  0.48s
[rank0]   backward 0.11s
[rank0] epoch 5 done  avg_loss=1.3601

[rank0] === Epoch 6/200 ===
[rank0]   first batch fetched (0.10s)
[rank0]   forward  0.59s
[rank0]   backward 0.13s
[rank0]   forward  0.60s
[rank0]   backward 0.13s
[rank0]   forward  0.59s
[rank0]   backward 0.13s
[rank0]   forward  0.58s
[rank0]   backward 0.13s
[rank0]   forward  0.57s
[rank0]   backward 0.13s
[rank0]   forward  0.58s
[rank0]   backward 0.13s
[rank0]   forward  0.50s
[rank0]   backward 0.11s
[rank0] epoch 6 done  avg_loss=1.3496

[rank0] === Epoch 7/200 ===
[rank0]   first batch fetched (0.10s)
[rank0]   forward  0.60s
[rank0]   backward 0.13s
[rank0]   forward  0.61s
[rank0]   backward 0.13s
[rank0]   forward  0.57s
[rank0]   backward 0.13s
[rank0]   forward  0.58s
[rank0]   backward 0.13s
[rank0]   forward  0.58s
[rank0]   backward 0.13s
[rank0]   forward  0.61s
[rank0]   backward 0.13s
[rank0]   forward  0.49s
[rank0]   backward 0.11s
[rank0] epoch 7 done  avg_loss=1.3637

[rank0] === Epoch 8/200 ===
[rank0]   first batch fetched (0.09s)
[rank0]   forward  0.57s
[rank0]   backward 0.13s
[rank0]   forward  0.56s
[rank0]   backward 0.13s
[rank0]   forward  0.59s
[rank0]   backward 0.13s
[rank0]   forward  0.59s
[rank0]   backward 0.13s
[rank0]   forward  0.59s
[rank0]   backward 0.13s
[rank0]   forward  0.59s
[rank0]   backward 0.13s
[rank0]   forward  0.53s
[rank0]   backward 0.11s
[rank0] epoch 8 done  avg_loss=1.3600

[rank0] === Epoch 9/200 ===
[rank0]   first batch fetched (0.11s)
[rank0]   forward  0.60s
[rank0]   backward 0.13s
[rank0]   forward  0.68s
[rank0]   backward 0.13s
[rank0]   forward  0.59s
[rank0]   backward 0.13s
[rank0]   forward  0.58s
[rank0]   backward 0.13s
[rank0]   forward  0.57s
[rank0]   backward 0.13s
[rank0]   forward  0.58s
[rank0]   backward 0.13s
[rank0]   forward  0.49s
[rank0]   backward 0.11s
[rank0] epoch 9 done  avg_loss=1.3672

[rank0] === Epoch 10/200 ===
[rank0]   first batch fetched (0.10s)
[rank0]   forward  0.59s
[rank0]   backward 0.13s
[rank0]   forward  0.59s
[rank0]   backward 0.13s
[rank0]   forward  0.59s
[rank0]   backward 0.13s
[rank0]   forward  0.59s
[rank0]   backward 0.13s
[rank0]   forward  0.62s
[rank0]   backward 0.13s
[rank0]   forward  0.60s
[rank0]   backward 0.13s
[rank0]   forward  0.49s
[rank0]   backward 0.11s
[rank0] epoch 10 done  avg_loss=1.3631

[rank0] === Epoch 11/200 ===
[rank0]   first batch fetched (0.11s)
[rank0]   forward  0.58s
[rank0]   backward 0.13s
[rank0]   forward  0.59s
[rank0]   backward 0.13s
[rank0]   forward  0.58s
[rank0]   backward 0.13s
[rank0]   forward  0.60s
[rank0]   backward 0.13s
[rank0]   forward  0.59s
[rank0]   backward 0.13s
[rank0]   forward  0.59s
[rank0]   backward 0.13s
[rank0]   forward  0.51s
[rank0]   backward 0.11s
[rank0] epoch 11 done  avg_loss=1.3631

[rank0] === Epoch 12/200 ===
[rank0]   first batch fetched (0.10s)
[rank0]   forward  0.58s
[rank0]   backward 0.13s
[rank0]   forward  0.59s
[rank0]   backward 0.13s
[rank0]   forward  0.59s
[rank0]   backward 0.13s
[rank0]   forward  0.60s
[rank0]   backward 0.13s
[rank0]   forward  0.59s
[rank0]   backward 0.13s
[rank0]   forward  0.56s
[rank0]   backward 0.13s
[rank0]   forward  0.49s
[rank0]   backward 0.11s
[rank0] epoch 12 done  avg_loss=1.3480

[rank0] === Epoch 13/200 ===
[rank0]   first batch fetched (0.10s)
[rank0]   forward  0.60s
[rank0]   backward 0.13s
[rank0]   forward  0.59s
[rank0]   backward 0.13s
[rank0]   forward  0.58s
[rank0]   backward 0.13s
[rank0]   forward  0.58s
[rank0]   backward 0.13s
[rank0]   forward  0.58s
[rank0]   backward 0.13s
[rank0]   forward  0.60s
[rank0]   backward 0.13s
[rank0]   forward  0.53s
[rank0]   backward 0.11s
[rank0] epoch 13 done  avg_loss=1.3488

[rank0] === Epoch 14/200 ===
[rank0]   first batch fetched (0.10s)
[rank0]   forward  0.57s
[rank0]   backward 0.13s
[rank0]   forward  0.58s
[rank0]   backward 0.13s
[rank0]   forward  0.60s
[rank0]   backward 0.13s
[rank0]   forward  0.59s
[rank0]   backward 0.13s
[rank0]   forward  0.60s
[rank0]   backward 0.13s
[rank0]   forward  0.58s
[rank0]   backward 0.13s
[rank0]   forward  0.51s
[rank0]   backward 0.11s
[rank0] epoch 14 done  avg_loss=1.3651

[rank0] === Epoch 15/200 ===
[rank0]   first batch fetched (0.10s)
[rank0]   forward  0.59s
[rank0]   backward 0.13s
[rank0]   forward  0.57s
[rank0]   backward 0.13s
[rank0]   forward  0.61s
[rank0]   backward 0.13s
[rank0]   forward  0.57s
[rank0]   backward 0.13s
[rank0]   forward  0.59s
[rank0]   backward 0.13s
[rank0]   forward  0.59s
[rank0]   backward 0.13s
[rank0]   forward  0.50s
[rank0]   backward 0.11s
[rank0] epoch 15 done  avg_loss=1.3580

[rank0] === Epoch 16/200 ===
[rank0]   first batch fetched (0.20s)
[rank0]   forward  0.57s
[rank0]   backward 0.13s
[rank0]   forward  0.57s
[rank0]   backward 0.13s
[rank0]   forward  0.59s
[rank0]   backward 0.13s
[rank0]   forward  0.61s
[rank0]   backward 0.13s
[rank0]   forward  0.56s
[rank0]   backward 0.13s
[rank0]   forward  0.59s
[rank0]   backward 0.13s
[rank0]   forward  0.50s
[rank0]   backward 0.11s
[rank0] epoch 16 done  avg_loss=1.3605

[rank0] === Epoch 17/200 ===
[rank0]   first batch fetched (0.10s)
[rank0]   forward  0.58s
[rank0]   backward 0.13s
[rank0]   forward  0.57s
[rank0]   backward 0.13s
[rank0]   forward  0.60s
[rank0]   backward 0.13s
[rank0]   forward  0.57s
[rank0]   backward 0.13s
[rank0]   forward  0.59s
[rank0]   backward 0.13s
[rank0]   forward  0.57s
[rank0]   backward 0.13s
[rank0]   forward  0.50s
[rank0]   backward 0.11s
[rank0] epoch 17 done  avg_loss=1.3439

[rank0] === Epoch 18/200 ===
[rank0]   first batch fetched (0.10s)
[rank0]   forward  0.57s
[rank0]   backward 0.13s
[rank0]   forward  0.60s
[rank0]   backward 0.13s
[rank0]   forward  0.56s
[rank0]   backward 0.13s
[rank0]   forward  0.56s
[rank0]   backward 0.13s
[rank0]   forward  0.59s
[rank0]   backward 0.13s
[rank0]   forward  0.59s
[rank0]   backward 0.13s
[rank0]   forward  0.50s
[rank0]   backward 0.11s
[rank0] epoch 18 done  avg_loss=1.3555

[rank0] === Epoch 19/200 ===
[rank0]   first batch fetched (0.10s)
[rank0]   forward  0.56s
[rank0]   backward 0.13s
[rank0]   forward  0.60s
[rank0]   backward 0.13s
[rank0]   forward  0.58s
[rank0]   backward 0.13s
[rank0]   forward  0.58s
[rank0]   backward 0.13s
[rank0]   forward  0.57s
[rank0]   backward 0.13s
[rank0]   forward  0.57s
[rank0]   backward 0.13s
[rank0]   forward  0.52s
[rank0]   backward 0.11s
[rank0] epoch 19 done  avg_loss=1.3389

[rank0] === Epoch 20/200 ===
[rank0]   first batch fetched (0.10s)
[rank0]   forward  0.58s
[rank0]   backward 0.13s
[rank0]   forward  0.58s
[rank0]   backward 0.13s
[rank0]   forward  0.57s
[rank0]   backward 0.13s
[rank0]   forward  0.57s
[rank0]   backward 0.13s
[rank0]   forward  0.57s
[rank0]   backward 0.13s
[rank0]   forward  0.59s
[rank0]   backward 0.13s
[rank0]   forward  0.47s
[rank0]   backward 0.11s
[rank0] epoch 20 done  avg_loss=1.3385

[rank0] === Epoch 21/200 ===
[rank0]   first batch fetched (0.10s)
[rank0]   forward  0.59s
[rank0]   backward 0.13s
[rank0]   forward  0.58s
[rank0]   backward 0.14s
[rank0]   forward  0.59s
[rank0]   backward 0.13s
[rank0]   forward  0.56s
[rank0]   backward 0.13s
[rank0]   forward  0.57s
[rank0]   backward 0.13s
[rank0]   forward  0.58s
[rank0]   backward 0.13s
[rank0]   forward  0.51s
[rank0]   backward 0.11s
[rank0] epoch 21 done  avg_loss=1.3410

[rank0] === Epoch 22/200 ===
[rank0]   first batch fetched (0.10s)
[rank0]   forward  0.59s
[rank0]   backward 0.13s
[rank0]   forward  0.59s
[rank0]   backward 0.13s
[rank0]   forward  0.57s
[rank0]   backward 0.13s
[rank0]   forward  0.55s
[rank0]   backward 0.13s
[rank0]   forward  0.59s
[rank0]   backward 0.13s
[rank0]   forward  0.67s
[rank0]   backward 0.13s
[rank0]   forward  0.50s
[rank0]   backward 0.11s
[rank0] epoch 22 done  avg_loss=1.3251

[rank0] === Epoch 23/200 ===
[rank0]   first batch fetched (0.10s)
[rank0]   forward  0.57s
[rank0]   backward 0.13s
[rank0]   forward  0.59s
[rank0]   backward 0.13s
[rank0]   forward  0.59s
[rank0]   backward 0.13s
[rank0]   forward  0.59s
[rank0]   backward 0.13s
[rank0]   forward  0.55s
[rank0]   backward 0.13s
[rank0]   forward  0.60s
[rank0]   backward 0.13s
[rank0]   forward  0.50s
[rank0]   backward 0.11s
[rank0] epoch 23 done  avg_loss=1.3086

[rank0] === Epoch 24/200 ===
[rank0]   first batch fetched (0.10s)
[rank0]   forward  0.57s
[rank0]   backward 0.13s
[rank0]   forward  0.57s
[rank0]   backward 0.13s
[rank0]   forward  0.57s
[rank0]   backward 0.13s
[rank0]   forward  0.61s
[rank0]   backward 0.13s
[rank0]   forward  0.56s
[rank0]   backward 0.13s
[rank0]   forward  0.63s
[rank0]   backward 0.13s
[rank0]   forward  0.50s
[rank0]   backward 0.11s
[rank0] epoch 24 done  avg_loss=1.3148

[rank0] === Epoch 25/200 ===
[rank0]   first batch fetched (0.10s)
[rank0]   forward  0.61s
[rank0]   backward 0.13s
[rank0]   forward  0.59s
[rank0]   backward 0.13s
[rank0]   forward  0.55s
[rank0]   backward 0.13s
[rank0]   forward  0.61s
[rank0]   backward 0.13s
[rank0]   forward  0.60s
[rank0]   backward 0.13s
[rank0]   forward  0.65s
[rank0]   backward 0.13s
[rank0]   forward  0.49s
[rank0]   backward 0.11s
[rank0] epoch 25 done  avg_loss=1.3110

[rank0] === Epoch 26/200 ===
[rank0]   first batch fetched (0.10s)
[rank0]   forward  0.62s
[rank0]   backward 0.13s
[rank0]   forward  0.62s
[rank0]   backward 0.13s
[rank0]   forward  0.60s
[rank0]   backward 0.14s
[rank0]   forward  0.60s
[rank0]   backward 0.13s
[rank0]   forward  0.59s
[rank0]   backward 0.13s
[rank0]   forward  0.57s
[rank0]   backward 0.13s
[rank0]   forward  0.50s
[rank0]   backward 0.11s
[rank0] epoch 26 done  avg_loss=1.3117

[rank0] === Epoch 27/200 ===
[rank0]   first batch fetched (0.11s)
[rank0]   forward  0.60s
[rank0]   backward 0.13s
[rank0]   forward  0.60s
[rank0]   backward 0.13s
[rank0]   forward  0.59s
[rank0]   backward 0.13s
[rank0]   forward  0.62s
[rank0]   backward 0.13s
[rank0]   forward  0.58s
[rank0]   backward 0.13s
[rank0]   forward  0.59s
[rank0]   backward 0.13s
[rank0]   forward  0.52s
[rank0]   backward 0.11s
[rank0] epoch 27 done  avg_loss=1.3111

[rank0] === Epoch 28/200 ===
[rank0]   first batch fetched (0.10s)
[rank0]   forward  0.59s
[rank0]   backward 0.13s
[rank0]   forward  0.61s
[rank0]   backward 0.13s
[rank0]   forward  0.58s
[rank0]   backward 0.14s
[rank0]   forward  0.61s
[rank0]   backward 0.14s
[rank0]   forward  0.60s
[rank0]   backward 0.14s
[rank0]   forward  0.61s
[rank0]   backward 0.14s
[rank0]   forward  0.52s
[rank0]   backward 0.11s
[rank0] epoch 28 done  avg_loss=1.2983

[rank0] === Epoch 29/200 ===
[rank0]   first batch fetched (0.10s)
[rank0]   forward  0.58s
[rank0]   backward 0.13s
[rank0]   forward  0.62s
[rank0]   backward 0.13s
[rank0]   forward  0.61s
[rank0]   backward 0.13s
/opt/conda/lib/python3.10/multiprocessing/resource_tracker.py:224: UserWarning: resource_tracker: There appear to be 2 leaked semaphore objects to clean up at shutdown
  warnings.warn('resource_tracker: There appear to be %d '
