[W socket.cpp:464] [c10d] The server socket cannot be initialized on [::]:29500 (errno: 97 - Address family not supported by protocol).
[W socket.cpp:697] [c10d] The client socket cannot be initialized to connect to [::ffff:127.0.0.1]:29500 (errno: 97 - Address family not supported by protocol).
[W socket.cpp:697] [c10d] The client socket cannot be initialized to connect to [::ffff:127.0.0.1]:29500 (errno: 97 - Address family not supported by protocol).
[W socket.cpp:697] [c10d] The client socket cannot be initialized to connect to [::ffff:127.0.0.1]:29500 (errno: 97 - Address family not supported by protocol).
[W socket.cpp:697] [c10d] The client socket cannot be initialized to connect to [::ffff:127.0.0.1]:29500 (errno: 97 - Address family not supported by protocol).
[W socket.cpp:697] [c10d] The client socket cannot be initialized to connect to [::ffff:127.0.0.1]:29500 (errno: 97 - Address family not supported by protocol).
[W socket.cpp:697] [c10d] The client socket cannot be initialized to connect to [::ffff:127.0.0.1]:29500 (errno: 97 - Address family not supported by protocol).
[W socket.cpp:697] [c10d] The client socket cannot be initialized to connect to [::ffff:127.0.0.1]:29500 (errno: 97 - Address family not supported by protocol).
[W socket.cpp:697] [c10d] The client socket cannot be initialized to connect to [::ffff:127.0.0.1]:29500 (errno: 97 - Address family not supported by protocol).
[W socket.cpp:697] [c10d] The client socket cannot be initialized to connect to [::ffff:127.0.0.1]:29500 (errno: 97 - Address family not supported by protocol).
wandb: Tracking run with wandb version 0.17.9
wandb: W&B syncing is set to `offline` in this directory.  
wandb: Run `wandb online` or set WANDB_MODE=online to enable cloud syncing.
Epoch 00  (neg_w=40.0, l1=1e-03, kl_w=0.00)
  Loss 3.390 | Re 3.190 | KL 0.806
Epoch 01  (neg_w=39.5, l1=1e-03, kl_w=0.02)
  Loss 1.316 | Re 1.073 | KL 0.827
Epoch 02  (neg_w=39.0, l1=1e-03, kl_w=0.03)
  Loss 1.291 | Re 1.035 | KL 0.764
Epoch 03  (neg_w=38.5, l1=1e-03, kl_w=0.05)
  Loss 1.287 | Re 1.025 | KL 0.629
Epoch 04  (neg_w=38.0, l1=9e-04, kl_w=0.07)
  Loss 1.289 | Re 1.025 | KL 0.508
Epoch 05  (neg_w=37.5, l1=9e-04, kl_w=0.08)
  Loss 1.292 | Re 1.026 | KL 0.427
Epoch 06  (neg_w=37.1, l1=9e-04, kl_w=0.10)
  Loss 1.294 | Re 1.028 | KL 0.367
Epoch 07  (neg_w=36.6, l1=9e-04, kl_w=0.12)
  Loss 1.294 | Re 1.027 | KL 0.319
Epoch 08  (neg_w=36.1, l1=9e-04, kl_w=0.13)
  Loss 1.297 | Re 1.031 | KL 0.283
Epoch 09  (neg_w=35.6, l1=9e-04, kl_w=0.15)
  Loss 1.296 | Re 1.030 | KL 0.251
Epoch 10  (neg_w=35.1, l1=9e-04, kl_w=0.17)
  Loss 1.304 | Re 1.037 | KL 0.230
Epoch 11  (neg_w=34.6, l1=9e-04, kl_w=0.18)
  Loss 1.299 | Re 1.032 | KL 0.209
Epoch 12  (neg_w=34.1, l1=9e-04, kl_w=0.20)
  Loss 1.301 | Re 1.037 | KL 0.183
Epoch 13  (neg_w=33.6, l1=8e-04, kl_w=0.22)
  Loss 1.302 | Re 1.038 | KL 0.168
Epoch 14  (neg_w=33.1, l1=8e-04, kl_w=0.23)
  Loss 1.300 | Re 1.038 | KL 0.147
Epoch 15  (neg_w=32.6, l1=8e-04, kl_w=0.25)
  Loss 1.300 | Re 1.043 | KL 0.121
Epoch 16  (neg_w=32.1, l1=8e-04, kl_w=0.27)
  Loss 1.292 | Re 1.040 | KL 0.096
Epoch 17  (neg_w=31.6, l1=8e-04, kl_w=0.28)
  Loss 1.291 | Re 1.040 | KL 0.087
Epoch 18  (neg_w=31.2, l1=8e-04, kl_w=0.30)
  Loss 1.287 | Re 1.035 | KL 0.082
Epoch 19  (neg_w=30.7, l1=8e-04, kl_w=0.32)
  Loss 1.281 | Re 1.031 | KL 0.077
Epoch 20  (neg_w=30.2, l1=8e-04, kl_w=0.33)
  Loss 1.274 | Re 1.025 | KL 0.067
Epoch 21  (neg_w=29.7, l1=7e-04, kl_w=0.35)
  Loss 1.263 | Re 1.018 | KL 0.056
Epoch 22  (neg_w=29.2, l1=7e-04, kl_w=0.37)
  Loss 1.257 | Re 1.012 | KL 0.051
Epoch 23  (neg_w=28.7, l1=7e-04, kl_w=0.38)
  Loss 1.253 | Re 1.009 | KL 0.049
Epoch 24  (neg_w=28.2, l1=7e-04, kl_w=0.40)
  Loss 1.247 | Re 1.004 | KL 0.045
Epoch 25  (neg_w=27.7, l1=7e-04, kl_w=0.42)
  Loss 1.240 | Re 0.998 | KL 0.041
Epoch 26  (neg_w=27.2, l1=7e-04, kl_w=0.43)
  Loss 1.235 | Re 0.995 | KL 0.039
Epoch 27  (neg_w=26.7, l1=7e-04, kl_w=0.45)
  Loss 1.226 | Re 0.987 | KL 0.036
Epoch 28  (neg_w=26.2, l1=6e-04, kl_w=0.47)
  Loss 1.221 | Re 0.984 | KL 0.032
Epoch 29  (neg_w=25.8, l1=6e-04, kl_w=0.48)
  Loss 1.215 | Re 0.978 | KL 0.030
Epoch 30  (neg_w=25.3, l1=6e-04, kl_w=0.50)
  Loss 1.213 | Re 0.976 | KL 0.029
Epoch 31  (neg_w=24.8, l1=6e-04, kl_w=0.52)
  Loss 1.200 | Re 0.965 | KL 0.027
Epoch 32  (neg_w=24.3, l1=6e-04, kl_w=0.53)
  Loss 1.197 | Re 0.963 | KL 0.026
Epoch 33  (neg_w=23.8, l1=6e-04, kl_w=0.55)
  Loss 1.191 | Re 0.958 | KL 0.025
Epoch 34  (neg_w=23.3, l1=6e-04, kl_w=0.57)
  Loss 1.185 | Re 0.953 | KL 0.024
Epoch 35  (neg_w=22.8, l1=6e-04, kl_w=0.58)
  Loss 1.180 | Re 0.948 | KL 0.025
Epoch 36  (neg_w=22.3, l1=5e-04, kl_w=0.60)
  Loss 1.176 | Re 0.944 | KL 0.024
Epoch 37  (neg_w=21.8, l1=5e-04, kl_w=0.62)
  Loss 1.169 | Re 0.939 | KL 0.024
Epoch 38  (neg_w=21.3, l1=5e-04, kl_w=0.63)
  Loss 1.163 | Re 0.932 | KL 0.025
Epoch 39  (neg_w=20.8, l1=5e-04, kl_w=0.65)
  Loss 1.158 | Re 0.929 | KL 0.025
Epoch 40  (neg_w=20.4, l1=5e-04, kl_w=0.67)
  Loss 1.154 | Re 0.925 | KL 0.025
Epoch 41  (neg_w=19.9, l1=5e-04, kl_w=0.68)
  Loss 1.146 | Re 0.918 | KL 0.026
Epoch 42  (neg_w=19.4, l1=5e-04, kl_w=0.70)
  Loss 1.136 | Re 0.908 | KL 0.028
Epoch 43  (neg_w=18.9, l1=5e-04, kl_w=0.72)
  Loss 1.130 | Re 0.902 | KL 0.028
Epoch 44  (neg_w=18.4, l1=5e-04, kl_w=0.73)
  Loss 1.120 | Re 0.894 | KL 0.027
Epoch 45  (neg_w=17.9, l1=4e-04, kl_w=0.75)
  Loss 1.110 | Re 0.887 | KL 0.027
Epoch 46  (neg_w=17.4, l1=4e-04, kl_w=0.77)
  Loss 1.100 | Re 0.877 | KL 0.028
Epoch 47  (neg_w=16.9, l1=4e-04, kl_w=0.78)
  Loss 1.092 | Re 0.870 | KL 0.029
Epoch 48  (neg_w=16.4, l1=4e-04, kl_w=0.80)
  Loss 1.082 | Re 0.860 | KL 0.031
Epoch 49  (neg_w=15.9, l1=4e-04, kl_w=0.82)
  Loss 1.065 | Re 0.845 | KL 0.031
Epoch 50  (neg_w=15.4, l1=4e-04, kl_w=0.83)
  Loss 1.055 | Re 0.837 | KL 0.032
Epoch 51  (neg_w=14.9, l1=4e-04, kl_w=0.85)
  Loss 1.040 | Re 0.824 | KL 0.034
Epoch 52  (neg_w=14.5, l1=3e-04, kl_w=0.87)
  Loss 1.031 | Re 0.816 | KL 0.035
Epoch 53  (neg_w=14.0, l1=3e-04, kl_w=0.88)
  Loss 1.020 | Re 0.809 | KL 0.034
Epoch 54  (neg_w=13.5, l1=3e-04, kl_w=0.90)
  Loss 1.009 | Re 0.799 | KL 0.035
Epoch 55  (neg_w=13.0, l1=3e-04, kl_w=0.92)
  Loss 1.002 | Re 0.796 | KL 0.034
Epoch 56  (neg_w=12.5, l1=3e-04, kl_w=0.93)
  Loss 0.987 | Re 0.785 | KL 0.034
Epoch 57  (neg_w=12.0, l1=3e-04, kl_w=0.95)
  Loss 0.980 | Re 0.781 | KL 0.034
Epoch 58  (neg_w=11.5, l1=3e-04, kl_w=0.97)
  Loss 0.968 | Re 0.774 | KL 0.034
Epoch 59  (neg_w=11.0, l1=3e-04, kl_w=0.98)
  Loss 0.961 | Re 0.770 | KL 0.033
Epoch 60  (neg_w=10.5, l1=3e-04, kl_w=1.00)
  Loss 0.946 | Re 0.761 | KL 0.033
Epoch 61  (neg_w=10.0, l1=2e-04, kl_w=1.00)
  Loss 0.935 | Re 0.754 | KL 0.034
Epoch 62  (neg_w=9.5, l1=2e-04, kl_w=1.00)
  Loss 0.914 | Re 0.739 | KL 0.034
Epoch 63  (neg_w=9.1, l1=2e-04, kl_w=1.00)
  Loss 0.903 | Re 0.735 | KL 0.034
Epoch 64  (neg_w=8.6, l1=2e-04, kl_w=1.00)
  Loss 0.887 | Re 0.726 | KL 0.035
Epoch 65  (neg_w=8.1, l1=2e-04, kl_w=1.00)
  Loss 0.874 | Re 0.723 | KL 0.034
Epoch 66  (neg_w=7.6, l1=2e-04, kl_w=1.00)
  Loss 0.852 | Re 0.709 | KL 0.034
Epoch 67  (neg_w=7.1, l1=2e-04, kl_w=1.00)
  Loss 0.833 | Re 0.701 | KL 0.033
Epoch 68  (neg_w=6.6, l1=1e-04, kl_w=1.00)
  Loss 0.813 | Re 0.690 | KL 0.034
Epoch 69  (neg_w=6.1, l1=1e-04, kl_w=1.00)
  Loss 0.793 | Re 0.681 | KL 0.034
Epoch 70  (neg_w=5.6, l1=1e-04, kl_w=1.00)
  Loss 0.762 | Re 0.663 | KL 0.034
Epoch 71  (neg_w=5.1, l1=1e-04, kl_w=1.00)
  Loss 0.739 | Re 0.649 | KL 0.034
Epoch 72  (neg_w=4.6, l1=1e-04, kl_w=1.00)
  Loss 0.711 | Re 0.629 | KL 0.034
Epoch 73  (neg_w=4.1, l1=9e-05, kl_w=1.00)
  Loss 0.683 | Re 0.608 | KL 0.035
Epoch 74  (neg_w=3.6, l1=8e-05, kl_w=1.00)
  Loss 0.647 | Re 0.584 | KL 0.034
Epoch 75  (neg_w=3.2, l1=6e-05, kl_w=1.00)
  Loss 0.610 | Re 0.553 | KL 0.033
Epoch 76  (neg_w=2.7, l1=5e-05, kl_w=1.00)
  Loss 0.575 | Re 0.524 | KL 0.033
Epoch 77  (neg_w=2.2, l1=4e-05, kl_w=1.00)
  Loss 0.531 | Re 0.487 | KL 0.031
Epoch 78  (neg_w=1.7, l1=3e-05, kl_w=1.00)
  Loss 0.482 | Re 0.442 | KL 0.032
Epoch 79  (neg_w=1.2, l1=1e-05, kl_w=1.00)
  Loss 0.422 | Re 0.386 | KL 0.032
✔ Saved /workspace/runs/20250602_180710/graphvae_ddp_stable.pt
wandb: WARNING Saving files without folders. If you want to preserve subdirectories pass base_path to wandb.save, i.e. wandb.save("/mnt/folder/file.h5", base_path="/mnt")
wandb: 
wandb: Run history:
wandb:      epoch ▁▁▁▂▂▂▂▂▂▃▃▃▃▃▃▄▄▄▄▄▅▅▅▅▅▅▆▆▆▆▆▆▇▇▇▇▇███
wandb:       kl_w ▁▁▁▂▂▂▂▃▃▃▃▄▄▄▄▅▅▅▅▅▆▆▆▆▇▇▇▇████████████
wandb:         l1 ███▇▇▇▇▇▇▆▆▆▆▆▆▅▅▅▅▅▄▄▄▄▄▄▃▃▃▃▃▃▂▂▂▂▂▁▁▁
wandb:    loss/kl ██▅▄▃▃▂▂▂▂▁▁▁▁▁▁▁▁▁▁▁▁▁▁▁▁▁▁▁▁▁▁▁▁▁▁▁▁▁▁
wandb: loss/recon █▃▃▃▃▃▃▃▃▃▃▃▃▃▂▂▂▂▂▂▂▂▂▂▂▂▂▂▂▂▂▂▂▂▂▂▂▁▁▁
wandb: loss/total █▃▃▃▃▃▃▃▃▃▃▃▃▃▃▃▃▃▃▃▃▃▃▃▃▂▂▂▂▂▂▂▂▂▂▂▂▂▁▁
wandb:      neg_w ███▇▇▇▇▇▇▆▆▆▆▆▆▅▅▅▅▅▄▄▄▄▄▄▃▃▃▃▃▃▂▂▂▂▂▁▁▁
wandb: 
wandb: Run summary:
wandb:      epoch 79
wandb:       kl_w 1.0
wandb:         l1 1e-05
wandb:    loss/kl 0.03188
wandb: loss/recon 0.38605
wandb: loss/total 0.42233
wandb:      neg_w 1.19125
wandb: 
wandb: You can sync this run to the cloud by running:
wandb: wandb sync /workspace/runs/20250602_180710/wandb/offline-run-20250602_180730-r1uefdxf
wandb: Find logs at: /workspace/runs/20250602_180710/wandb/offline-run-20250602_180730-r1uefdxf/logs
wandb: WARNING The new W&B backend becomes opt-out in version 0.18.0; try it out with `wandb.require("core")`! See https://wandb.me/wandb-core for more information.
