[W socket.cpp:464] [c10d] The server socket cannot be initialized on [::]:29500 (errno: 97 - Address family not supported by protocol).
[W socket.cpp:697] [c10d] The client socket cannot be initialized to connect to [::ffff:127.0.0.1]:29500 (errno: 97 - Address family not supported by protocol).
[W socket.cpp:697] [c10d] The client socket cannot be initialized to connect to [::ffff:127.0.0.1]:29500 (errno: 97 - Address family not supported by protocol).
[W socket.cpp:697] [c10d] The client socket cannot be initialized to connect to [::ffff:127.0.0.1]:29500 (errno: 97 - Address family not supported by protocol).
[W socket.cpp:697] [c10d] The client socket cannot be initialized to connect to [::ffff:127.0.0.1]:29500 (errno: 97 - Address family not supported by protocol).
[W socket.cpp:697] [c10d] The client socket cannot be initialized to connect to [::ffff:127.0.0.1]:29500 (errno: 97 - Address family not supported by protocol).
[W socket.cpp:697] [c10d] The client socket cannot be initialized to connect to [::ffff:127.0.0.1]:29500 (errno: 97 - Address family not supported by protocol).
[W socket.cpp:697] [c10d] The client socket cannot be initialized to connect to [::ffff:127.0.0.1]:29500 (errno: 97 - Address family not supported by protocol).
[W socket.cpp:697] [c10d] The client socket cannot be initialized to connect to [::ffff:127.0.0.1]:29500 (errno: 97 - Address family not supported by protocol).
[W socket.cpp:697] [c10d] The client socket cannot be initialized to connect to [::ffff:127.0.0.1]:29500 (errno: 97 - Address family not supported by protocol).
wandb: Tracking run with wandb version 0.17.9
wandb: W&B syncing is set to `offline` in this directory.  
wandb: Run `wandb online` or set WANDB_MODE=online to enable cloud syncing.
Epoch 00  (neg_w=40.0, l1=1e-03, kl_w=0.00)
  Loss 3.390 | Re 3.190 | KL 0.806
Epoch 01  (neg_w=39.5, l1=1e-03, kl_w=0.02)
  Loss 1.316 | Re 1.073 | KL 0.827
Epoch 02  (neg_w=39.0, l1=1e-03, kl_w=0.03)
  Loss 1.291 | Re 1.035 | KL 0.764
Epoch 03  (neg_w=38.5, l1=1e-03, kl_w=0.05)
  Loss 1.287 | Re 1.025 | KL 0.629
Epoch 04  (neg_w=38.0, l1=9e-04, kl_w=0.07)
  Loss 1.289 | Re 1.025 | KL 0.508
Epoch 05  (neg_w=37.6, l1=9e-04, kl_w=0.08)
  Loss 1.292 | Re 1.026 | KL 0.427
Epoch 06  (neg_w=37.1, l1=9e-04, kl_w=0.10)
  Loss 1.294 | Re 1.028 | KL 0.367
Epoch 07  (neg_w=36.6, l1=9e-04, kl_w=0.12)
  Loss 1.294 | Re 1.027 | KL 0.319
Epoch 08  (neg_w=36.1, l1=9e-04, kl_w=0.13)
  Loss 1.297 | Re 1.031 | KL 0.283
Epoch 09  (neg_w=35.6, l1=9e-04, kl_w=0.15)
  Loss 1.297 | Re 1.030 | KL 0.252
Epoch 10  (neg_w=35.1, l1=9e-04, kl_w=0.17)
  Loss 1.304 | Re 1.037 | KL 0.230
Epoch 11  (neg_w=34.6, l1=9e-04, kl_w=0.18)
  Loss 1.299 | Re 1.032 | KL 0.209
Epoch 12  (neg_w=34.1, l1=9e-04, kl_w=0.20)
  Loss 1.301 | Re 1.037 | KL 0.184
Epoch 13  (neg_w=33.7, l1=8e-04, kl_w=0.22)
  Loss 1.301 | Re 1.037 | KL 0.168
Epoch 14  (neg_w=33.2, l1=8e-04, kl_w=0.23)
  Loss 1.298 | Re 1.037 | KL 0.146
Epoch 15  (neg_w=32.7, l1=8e-04, kl_w=0.25)
  Loss 1.298 | Re 1.041 | KL 0.120
Epoch 16  (neg_w=32.2, l1=8e-04, kl_w=0.27)
  Loss 1.292 | Re 1.040 | KL 0.096
Epoch 17  (neg_w=31.7, l1=8e-04, kl_w=0.28)
  Loss 1.292 | Re 1.041 | KL 0.087
Epoch 18  (neg_w=31.2, l1=8e-04, kl_w=0.30)
  Loss 1.287 | Re 1.036 | KL 0.081
Epoch 19  (neg_w=30.7, l1=8e-04, kl_w=0.32)
  Loss 1.281 | Re 1.031 | KL 0.076
Epoch 20  (neg_w=30.2, l1=8e-04, kl_w=0.33)
  Loss 1.274 | Re 1.026 | KL 0.067
Epoch 21  (neg_w=29.8, l1=7e-04, kl_w=0.35)
  Loss 1.263 | Re 1.018 | KL 0.056
Epoch 22  (neg_w=29.3, l1=7e-04, kl_w=0.37)
  Loss 1.257 | Re 1.013 | KL 0.051
Epoch 23  (neg_w=28.8, l1=7e-04, kl_w=0.38)
  Loss 1.254 | Re 1.010 | KL 0.048
Epoch 24  (neg_w=28.3, l1=7e-04, kl_w=0.40)
  Loss 1.248 | Re 1.005 | KL 0.045
Epoch 25  (neg_w=27.8, l1=7e-04, kl_w=0.42)
  Loss 1.240 | Re 0.999 | KL 0.040
Epoch 26  (neg_w=27.3, l1=7e-04, kl_w=0.43)
  Loss 1.235 | Re 0.996 | KL 0.038
Epoch 27  (neg_w=26.8, l1=7e-04, kl_w=0.45)
  Loss 1.226 | Re 0.987 | KL 0.035
Epoch 28  (neg_w=26.4, l1=6e-04, kl_w=0.47)
  Loss 1.222 | Re 0.984 | KL 0.032
Epoch 29  (neg_w=25.9, l1=6e-04, kl_w=0.48)
  Loss 1.215 | Re 0.979 | KL 0.030
Epoch 30  (neg_w=25.4, l1=6e-04, kl_w=0.50)
  Loss 1.213 | Re 0.977 | KL 0.029
Epoch 31  (neg_w=24.9, l1=6e-04, kl_w=0.52)
  Loss 1.201 | Re 0.966 | KL 0.026
Epoch 32  (neg_w=24.4, l1=6e-04, kl_w=0.53)
  Loss 1.198 | Re 0.964 | KL 0.026
Epoch 33  (neg_w=23.9, l1=6e-04, kl_w=0.55)
  Loss 1.192 | Re 0.959 | KL 0.025
Epoch 34  (neg_w=23.4, l1=6e-04, kl_w=0.57)
  Loss 1.186 | Re 0.954 | KL 0.024
Epoch 35  (neg_w=22.9, l1=6e-04, kl_w=0.58)
  Loss 1.181 | Re 0.949 | KL 0.025
Epoch 36  (neg_w=22.4, l1=5e-04, kl_w=0.60)
  Loss 1.177 | Re 0.945 | KL 0.024
Epoch 37  (neg_w=22.0, l1=5e-04, kl_w=0.62)
  Loss 1.170 | Re 0.940 | KL 0.024
Epoch 38  (neg_w=21.5, l1=5e-04, kl_w=0.63)
  Loss 1.164 | Re 0.933 | KL 0.025
Epoch 39  (neg_w=21.0, l1=5e-04, kl_w=0.65)
  Loss 1.160 | Re 0.930 | KL 0.025
Epoch 40  (neg_w=20.5, l1=5e-04, kl_w=0.67)
  Loss 1.156 | Re 0.927 | KL 0.025
Epoch 41  (neg_w=20.0, l1=5e-04, kl_w=0.68)
  Loss 1.148 | Re 0.920 | KL 0.026
Epoch 42  (neg_w=19.5, l1=5e-04, kl_w=0.70)
  Loss 1.138 | Re 0.909 | KL 0.028
Epoch 43  (neg_w=19.0, l1=5e-04, kl_w=0.72)
  Loss 1.132 | Re 0.904 | KL 0.028
Epoch 44  (neg_w=18.6, l1=5e-04, kl_w=0.73)
  Loss 1.122 | Re 0.896 | KL 0.027
Epoch 45  (neg_w=18.1, l1=4e-04, kl_w=0.75)
  Loss 1.113 | Re 0.889 | KL 0.026
Epoch 46  (neg_w=17.6, l1=4e-04, kl_w=0.77)
  Loss 1.103 | Re 0.880 | KL 0.028
Epoch 47  (neg_w=17.1, l1=4e-04, kl_w=0.78)
  Loss 1.096 | Re 0.872 | KL 0.029
Epoch 48  (neg_w=16.6, l1=4e-04, kl_w=0.80)
  Loss 1.085 | Re 0.863 | KL 0.031
Epoch 49  (neg_w=16.1, l1=4e-04, kl_w=0.82)
  Loss 1.068 | Re 0.848 | KL 0.031
Epoch 50  (neg_w=15.6, l1=4e-04, kl_w=0.83)
  Loss 1.059 | Re 0.840 | KL 0.032
Epoch 51  (neg_w=15.1, l1=4e-04, kl_w=0.85)
  Loss 1.043 | Re 0.826 | KL 0.033
Epoch 52  (neg_w=14.6, l1=3e-04, kl_w=0.87)
  Loss 1.035 | Re 0.819 | KL 0.035
Epoch 53  (neg_w=14.2, l1=3e-04, kl_w=0.88)
  Loss 1.023 | Re 0.811 | KL 0.034
Epoch 54  (neg_w=13.7, l1=3e-04, kl_w=0.90)
  Loss 1.012 | Re 0.801 | KL 0.035
Epoch 55  (neg_w=13.2, l1=3e-04, kl_w=0.92)
  Loss 1.005 | Re 0.798 | KL 0.034
Epoch 56  (neg_w=12.7, l1=3e-04, kl_w=0.93)
  Loss 0.991 | Re 0.788 | KL 0.034
Epoch 57  (neg_w=12.2, l1=3e-04, kl_w=0.95)
  Loss 0.984 | Re 0.784 | KL 0.034
Epoch 58  (neg_w=11.7, l1=3e-04, kl_w=0.97)
  Loss 0.972 | Re 0.776 | KL 0.034
Epoch 59  (neg_w=11.2, l1=3e-04, kl_w=0.98)
  Loss 0.966 | Re 0.773 | KL 0.033
Epoch 60  (neg_w=10.8, l1=3e-04, kl_w=1.00)
  Loss 0.951 | Re 0.763 | KL 0.033
Epoch 61  (neg_w=10.3, l1=2e-04, kl_w=1.00)
  Loss 0.941 | Re 0.757 | KL 0.034
Epoch 62  (neg_w=9.8, l1=2e-04, kl_w=1.00)
  Loss 0.920 | Re 0.742 | KL 0.034
Epoch 63  (neg_w=9.3, l1=2e-04, kl_w=1.00)
  Loss 0.909 | Re 0.738 | KL 0.034
Epoch 64  (neg_w=8.8, l1=2e-04, kl_w=1.00)
  Loss 0.894 | Re 0.729 | KL 0.035
Epoch 65  (neg_w=8.3, l1=2e-04, kl_w=1.00)
  Loss 0.883 | Re 0.727 | KL 0.034
Epoch 66  (neg_w=7.8, l1=2e-04, kl_w=1.00)
  Loss 0.861 | Re 0.713 | KL 0.034
Epoch 67  (neg_w=7.3, l1=2e-04, kl_w=1.00)
  Loss 0.843 | Re 0.706 | KL 0.033
Epoch 68  (neg_w=6.9, l1=1e-04, kl_w=1.00)
  Loss 0.823 | Re 0.695 | KL 0.034
Epoch 69  (neg_w=6.4, l1=1e-04, kl_w=1.00)
  Loss 0.804 | Re 0.687 | KL 0.034
Epoch 70  (neg_w=5.9, l1=1e-04, kl_w=1.00)
  Loss 0.776 | Re 0.671 | KL 0.035
Epoch 71  (neg_w=5.4, l1=1e-04, kl_w=1.00)
  Loss 0.752 | Re 0.658 | KL 0.034
Epoch 72  (neg_w=4.9, l1=1e-04, kl_w=1.00)
  Loss 0.726 | Re 0.640 | KL 0.035
Epoch 73  (neg_w=4.4, l1=9e-05, kl_w=1.00)
  Loss 0.699 | Re 0.621 | KL 0.035
Epoch 74  (neg_w=3.9, l1=8e-05, kl_w=1.00)
  Loss 0.665 | Re 0.598 | KL 0.034
Epoch 75  (neg_w=3.4, l1=6e-05, kl_w=1.00)
  Loss 0.631 | Re 0.570 | KL 0.033
Epoch 76  (neg_w=3.0, l1=5e-05, kl_w=1.00)
  Loss 0.598 | Re 0.544 | KL 0.033
Epoch 77  (neg_w=2.5, l1=4e-05, kl_w=1.00)
  Loss 0.556 | Re 0.509 | KL 0.032
Epoch 78  (neg_w=2.0, l1=3e-05, kl_w=1.00)
  Loss 0.511 | Re 0.468 | KL 0.032
Epoch 79  (neg_w=1.5, l1=1e-05, kl_w=1.00)
  Loss 0.459 | Re 0.420 | KL 0.032
✔ Saved /workspace/runs/20250602_173245/graphvae_ddp_stable.pt
wandb: WARNING Saving files without folders. If you want to preserve subdirectories pass base_path to wandb.save, i.e. wandb.save("/mnt/folder/file.h5", base_path="/mnt")
wandb: 
wandb: Run history:
wandb:      epoch ▁▁▁▂▂▂▂▂▂▃▃▃▃▃▃▄▄▄▄▄▅▅▅▅▅▅▆▆▆▆▆▆▇▇▇▇▇███
wandb:       kl_w ▁▁▁▂▂▂▂▃▃▃▃▄▄▄▄▅▅▅▅▅▆▆▆▆▇▇▇▇████████████
wandb:         l1 ███▇▇▇▇▇▇▆▆▆▆▆▆▅▅▅▅▅▄▄▄▄▄▄▃▃▃▃▃▃▂▂▂▂▂▁▁▁
wandb:    loss/kl ██▅▄▃▃▂▂▂▂▁▁▁▁▁▁▁▁▁▁▁▁▁▁▁▁▁▁▁▁▁▁▁▁▁▁▁▁▁▁
wandb: loss/recon █▃▃▃▃▃▃▃▃▃▃▂▂▂▂▂▂▂▂▂▂▂▂▂▂▂▂▂▂▂▂▂▂▂▂▂▂▁▁▁
wandb: loss/total █▃▃▃▃▃▃▃▃▃▃▃▃▃▃▃▃▃▃▃▃▃▃▃▂▂▂▂▂▂▂▂▂▂▂▂▂▁▁▁
wandb:      neg_w ███▇▇▇▇▇▇▆▆▆▆▆▆▅▅▅▅▅▄▄▄▄▄▄▃▃▃▃▃▃▂▂▂▂▂▁▁▁
wandb: 
wandb: Run summary:
wandb:      epoch 79
wandb:       kl_w 1.0
wandb:         l1 1e-05
wandb:    loss/kl 0.03244
wandb: loss/recon 0.41976
wandb: loss/total 0.45859
wandb:      neg_w 1.4875
wandb: 
wandb: You can sync this run to the cloud by running:
wandb: wandb sync /workspace/runs/20250602_173245/wandb/offline-run-20250602_173306-1ws8qu33
wandb: Find logs at: /workspace/runs/20250602_173245/wandb/offline-run-20250602_173306-1ws8qu33/logs
wandb: WARNING The new W&B backend becomes opt-out in version 0.18.0; try it out with `wandb.require("core")`! See https://wandb.me/wandb-core for more information.
