[W socket.cpp:464] [c10d] The server socket cannot be initialized on [::]:29500 (errno: 97 - Address family not supported by protocol).
[W socket.cpp:697] [c10d] The client socket cannot be initialized to connect to [::ffff:127.0.0.1]:29500 (errno: 97 - Address family not supported by protocol).
[W socket.cpp:697] [c10d] The client socket cannot be initialized to connect to [::ffff:127.0.0.1]:29500 (errno: 97 - Address family not supported by protocol).
[W socket.cpp:697] [c10d] The client socket cannot be initialized to connect to [::ffff:127.0.0.1]:29500 (errno: 97 - Address family not supported by protocol).
[W socket.cpp:697] [c10d] The client socket cannot be initialized to connect to [::ffff:127.0.0.1]:29500 (errno: 97 - Address family not supported by protocol).
[W socket.cpp:697] [c10d] The client socket cannot be initialized to connect to [::ffff:127.0.0.1]:29500 (errno: 97 - Address family not supported by protocol).
[W socket.cpp:697] [c10d] The client socket cannot be initialized to connect to [::ffff:127.0.0.1]:29500 (errno: 97 - Address family not supported by protocol).
[W socket.cpp:697] [c10d] The client socket cannot be initialized to connect to [::ffff:127.0.0.1]:29500 (errno: 97 - Address family not supported by protocol).
[W socket.cpp:697] [c10d] The client socket cannot be initialized to connect to [::ffff:127.0.0.1]:29500 (errno: 97 - Address family not supported by protocol).
[W socket.cpp:697] [c10d] The client socket cannot be initialized to connect to [::ffff:127.0.0.1]:29500 (errno: 97 - Address family not supported by protocol).
wandb: Tracking run with wandb version 0.17.9
wandb: W&B syncing is set to `offline` in this directory.  
wandb: Run `wandb online` or set WANDB_MODE=online to enable cloud syncing.
Epoch 00
  Loss 0.430  Re 0.423  KL 0.007
Epoch 01
  Loss 0.412  Re 0.410  KL 0.002
Epoch 02
  Loss 0.409  Re 0.405  KL 0.005
Epoch 03
  Loss 0.406  Re 0.396  KL 0.010
Epoch 04
  Loss 0.402  Re 0.386  KL 0.015
Epoch 05
  Loss 0.399  Re 0.382  KL 0.018
Epoch 06
  Loss 0.399  Re 0.381  KL 0.019
Epoch 07
  Loss 0.397  Re 0.377  KL 0.020
Epoch 08
  Loss 0.396  Re 0.374  KL 0.022
Epoch 09
  Loss 0.392  Re 0.367  KL 0.025
Epoch 10
  Loss 0.388  Re 0.358  KL 0.030
Epoch 11
  Loss 0.384  Re 0.352  KL 0.032
Epoch 12
  Loss 0.381  Re 0.347  KL 0.034
Epoch 13
  Loss 0.379  Re 0.345  KL 0.034
Epoch 14
  Loss 0.377  Re 0.341  KL 0.035
Epoch 15
  Loss 0.375  Re 0.338  KL 0.036
Epoch 16
  Loss 0.373  Re 0.336  KL 0.037
Epoch 17
  Loss 0.372  Re 0.335  KL 0.037
Epoch 18
  Loss 0.372  Re 0.335  KL 0.038
Epoch 19
  Loss 0.372  Re 0.334  KL 0.038
Epoch 20
  Loss 0.371  Re 0.333  KL 0.038
Epoch 21
  Loss 0.371  Re 0.332  KL 0.039
Epoch 22
  Loss 0.370  Re 0.332  KL 0.039
Epoch 23
  Loss 0.371  Re 0.332  KL 0.039
Epoch 24
  Loss 0.370  Re 0.331  KL 0.039
Epoch 25
  Loss 0.370  Re 0.331  KL 0.039
Epoch 26
  Loss 0.369  Re 0.330  KL 0.039
Epoch 27
  Loss 0.370  Re 0.330  KL 0.040
Epoch 28
  Loss 0.369  Re 0.329  KL 0.040
Epoch 29
  Loss 0.370  Re 0.330  KL 0.040
Epoch 30
  Loss 0.369  Re 0.329  KL 0.040
Epoch 31
  Loss 0.370  Re 0.330  KL 0.040
Epoch 32
  Loss 0.369  Re 0.329  KL 0.041
Epoch 33
  Loss 0.369  Re 0.328  KL 0.041
Epoch 34
  Loss 0.369  Re 0.328  KL 0.041
Epoch 35
  Loss 0.369  Re 0.328  KL 0.041
Epoch 36
  Loss 0.369  Re 0.328  KL 0.041
Epoch 37
  Loss 0.369  Re 0.327  KL 0.042
Epoch 38
  Loss 0.369  Re 0.327  KL 0.042
Epoch 39
  Loss 0.368  Re 0.327  KL 0.042
Epoch 40
  Loss 0.368  Re 0.326  KL 0.042
Epoch 41
  Loss 0.368  Re 0.326  KL 0.042
Epoch 42
  Loss 0.369  Re 0.326  KL 0.042
Epoch 43
  Loss 0.368  Re 0.326  KL 0.042
Epoch 44
  Loss 0.369  Re 0.327  KL 0.042
Epoch 45
  Loss 0.369  Re 0.327  KL 0.042
Epoch 46
  Loss 0.370  Re 0.327  KL 0.042
Epoch 47
  Loss 0.369  Re 0.326  KL 0.043
Epoch 48
  Loss 0.369  Re 0.327  KL 0.042
Epoch 49
  Loss 0.368  Re 0.326  KL 0.043
Epoch 50
  Loss 0.369  Re 0.326  KL 0.043
Epoch 51
  Loss 0.369  Re 0.327  KL 0.043
Epoch 52
  Loss 0.369  Re 0.326  KL 0.043
Epoch 53
  Loss 0.369  Re 0.326  KL 0.043
Epoch 54
  Loss 0.369  Re 0.326  KL 0.043
Epoch 55
  Loss 0.369  Re 0.326  KL 0.043
Epoch 56
  Loss 0.369  Re 0.326  KL 0.043
Epoch 57
  Loss 0.369  Re 0.325  KL 0.044
Epoch 58
  Loss 0.368  Re 0.325  KL 0.044
Epoch 59
  Loss 0.370  Re 0.326  KL 0.044
Epoch 60
  Loss 0.369  Re 0.325  KL 0.044
Epoch 61
  Loss 0.369  Re 0.325  KL 0.044
Epoch 62
  Loss 0.369  Re 0.325  KL 0.044
Epoch 63
  Loss 0.369  Re 0.324  KL 0.044
Epoch 64
  Loss 0.369  Re 0.325  KL 0.045
Epoch 65
  Loss 0.368  Re 0.324  KL 0.045
Epoch 66
  Loss 0.369  Re 0.324  KL 0.045
Epoch 67
  Loss 0.369  Re 0.324  KL 0.045
Epoch 68
  Loss 0.369  Re 0.324  KL 0.045
Epoch 69
  Loss 0.368  Re 0.323  KL 0.045
Epoch 70
  Loss 0.369  Re 0.323  KL 0.046
Epoch 71
  Loss 0.369  Re 0.323  KL 0.046
Epoch 72
  Loss 0.368  Re 0.322  KL 0.046
Epoch 73
  Loss 0.369  Re 0.323  KL 0.046
Epoch 74
  Loss 0.368  Re 0.323  KL 0.046
Epoch 75
  Loss 0.369  Re 0.323  KL 0.046
Epoch 76
  Loss 0.369  Re 0.323  KL 0.046
Epoch 77
  Loss 0.368  Re 0.322  KL 0.046
Epoch 78
  Loss 0.369  Re 0.322  KL 0.046
Epoch 79
  Loss 0.369  Re 0.323  KL 0.046
✔ Saved /workspace/runs/20250602_165044/graphvae_ddp_amp.pt
wandb: WARNING Saving files without folders. If you want to preserve subdirectories pass base_path to wandb.save, i.e. wandb.save("/mnt/folder/file.h5", base_path="/mnt")
wandb: 
wandb: Run history:
wandb:      epoch ▁▁▁▂▂▂▂▂▂▃▃▃▃▃▃▄▄▄▄▄▅▅▅▅▅▅▆▆▆▆▆▆▇▇▇▇▇███
wandb:    loss/kl ▁▁▃▃▄▅▆▆▆▇▇▇▇▇▇▇▇▇▇▇▇▇▇▇▇▇▇▇▇███████████
wandb: loss/recon █▇▅▅▅▃▃▂▂▂▂▂▂▂▁▁▁▁▁▁▁▁▁▁▁▁▁▁▁▁▁▁▁▁▁▁▁▁▁▁
wandb: loss/total █▆▅▅▄▃▂▂▂▁▁▁▁▁▁▁▁▁▁▁▁▁▁▁▁▁▁▁▁▁▁▁▁▁▁▁▁▁▁▁
wandb: 
wandb: Run summary:
wandb:      epoch 79
wandb:    loss/kl 0.04642
wandb: loss/recon 0.32291
wandb: loss/total 0.36933
wandb: 
wandb: You can sync this run to the cloud by running:
wandb: wandb sync /workspace/runs/20250602_165044/wandb/offline-run-20250602_165110-4d5h6w1n
wandb: Find logs at: /workspace/runs/20250602_165044/wandb/offline-run-20250602_165110-4d5h6w1n/logs
wandb: WARNING The new W&B backend becomes opt-out in version 0.18.0; try it out with `wandb.require("core")`! See https://wandb.me/wandb-core for more information.
